[debug] [2021-06-11T02:51:32.640Z] ----------------------------------------------------------------------
[debug] [2021-06-11T02:51:32.642Z] Command:       /Users/amar/.nvm/versions/node/v14.9.0/bin/node /Users/amar/.nvm/versions/node/v14.9.0/bin/firebase serve
[debug] [2021-06-11T02:51:32.642Z] CLI Version:   9.12.0
[debug] [2021-06-11T02:51:32.642Z] Platform:      darwin
[debug] [2021-06-11T02:51:32.642Z] Node Version:  v14.9.0
[debug] [2021-06-11T02:51:32.643Z] Time:          Thu Jun 10 2021 22:51:32 GMT-0400 (Eastern Daylight Time)
[debug] [2021-06-11T02:51:32.644Z] ----------------------------------------------------------------------
[debug] 
[debug] [2021-06-11T02:51:32.649Z] > command requires scopes: ["email","openid","https://www.googleapis.com/auth/cloudplatformprojects.readonly","https://www.googleapis.com/auth/firebase","https://www.googleapis.com/auth/cloud-platform"]
[debug] [2021-06-11T02:51:32.649Z] > authorizing via signed-in user (amarn.sks@gmail.com)
[debug] [2021-06-11T02:51:32.649Z] [iam] checking project academindburger for permissions ["firebase.projects.get"]
[debug] [2021-06-11T02:51:32.651Z] > refreshing access token with scopes: ["email","https://www.googleapis.com/auth/cloud-platform","https://www.googleapis.com/auth/cloudplatformprojects.readonly","https://www.googleapis.com/auth/firebase","openid"]
[debug] [2021-06-11T02:51:32.651Z] >>> HTTP REQUEST POST https://www.googleapis.com/oauth2/v3/token  
 <request body omitted>
[debug] [2021-06-11T02:51:32.763Z] <<< HTTP RESPONSE 200 {"cache-control":"no-cache, no-store, max-age=0, must-revalidate","expires":"Mon, 01 Jan 1990 00:00:00 GMT","pragma":"no-cache","date":"Fri, 11 Jun 2021 02:51:32 GMT","content-type":"application/json; charset=utf-8","vary":"X-Origin, Referer, Origin,Accept-Encoding","server":"scaffolding on HTTPServer2","x-xss-protection":"0","x-frame-options":"SAMEORIGIN","x-content-type-options":"nosniff","alt-svc":"h3=\":443\"; ma=2592000,h3-29=\":443\"; ma=2592000,h3-T051=\":443\"; ma=2592000,h3-Q050=\":443\"; ma=2592000,h3-Q046=\":443\"; ma=2592000,h3-Q043=\":443\"; ma=2592000,quic=\":443\"; ma=2592000; v=\"46,43\"","accept-ranges":"none","transfer-encoding":"chunked"}
[debug] [2021-06-11T02:51:32.786Z] >>> HTTP REQUEST POST https://cloudresourcemanager.googleapis.com/v1/projects/academindburger:testIamPermissions  
 {"permissions":["firebase.projects.get"]}
[debug] [2021-06-11T02:51:35.047Z] <<< HTTP RESPONSE 200 {"content-type":"application/json; charset=UTF-8","vary":"X-Origin, Referer, Origin,Accept-Encoding","date":"Fri, 11 Jun 2021 02:51:35 GMT","server":"ESF","cache-control":"private","x-xss-protection":"0","x-frame-options":"SAMEORIGIN","x-content-type-options":"nosniff","server-timing":"gfet4t7; dur=164","alt-svc":"h3-29=\":443\"; ma=2592000,h3-T051=\":443\"; ma=2592000,h3-Q050=\":443\"; ma=2592000,h3-Q046=\":443\"; ma=2592000,h3-Q043=\":443\"; ma=2592000,quic=\":443\"; ma=2592000; v=\"46,43\"","accept-ranges":"none","transfer-encoding":"chunked"}
[debug] [2021-06-11T02:51:35.051Z] > refreshing access token with scopes: []
[debug] [2021-06-11T02:51:35.051Z] >>> HTTP REQUEST POST https://www.googleapis.com/oauth2/v3/token  
 <request body omitted>
[debug] [2021-06-11T02:51:35.136Z] <<< HTTP RESPONSE 200 {"expires":"Mon, 01 Jan 1990 00:00:00 GMT","pragma":"no-cache","date":"Fri, 11 Jun 2021 02:51:35 GMT","cache-control":"no-cache, no-store, max-age=0, must-revalidate","content-type":"application/json; charset=utf-8","vary":"X-Origin, Referer, Origin,Accept-Encoding","server":"scaffolding on HTTPServer2","x-xss-protection":"0","x-frame-options":"SAMEORIGIN","x-content-type-options":"nosniff","alt-svc":"h3=\":443\"; ma=2592000,h3-29=\":443\"; ma=2592000,h3-T051=\":443\"; ma=2592000,h3-Q050=\":443\"; ma=2592000,h3-Q046=\":443\"; ma=2592000,h3-Q043=\":443\"; ma=2592000,quic=\":443\"; ma=2592000; v=\"46,43\"","accept-ranges":"none","transfer-encoding":"chunked"}
[debug] [2021-06-11T02:51:35.168Z] >>> [apiv2][query] GET https://firebase.googleapis.com/v1beta1/projects/academindburger [none]
[debug] [2021-06-11T02:51:35.346Z] <<< [apiv2][status] GET https://firebase.googleapis.com/v1beta1/projects/academindburger 200
[debug] [2021-06-11T02:51:35.346Z] <<< [apiv2][body] GET https://firebase.googleapis.com/v1beta1/projects/academindburger {"projectId":"academindburger","projectNumber":"131894986509","displayName":"AcademindBurger","name":"projects/academindburger","resources":{"hostingSite":"academindburger","realtimeDatabaseInstance":"academindburger-default-rtdb"},"state":"ACTIVE"}
[info] 
[info] === Serving from '/Users/amar/Documents/WD/Practice/academind-burger'...
[info] 
[debug] [2021-06-11T02:51:35.349Z] >>> [apiv2][query] GET https://firebasehosting.googleapis.com/v1beta1/projects/academindburger/sites 
[debug] [2021-06-11T02:51:35.636Z] <<< [apiv2][status] GET https://firebasehosting.googleapis.com/v1beta1/projects/academindburger/sites 200
[debug] [2021-06-11T02:51:35.636Z] <<< [apiv2][body] GET https://firebasehosting.googleapis.com/v1beta1/projects/academindburger/sites {"sites":[{"name":"projects/131894986509/sites/academindburger","defaultUrl":"https://academindburger.web.app","type":"DEFAULT_SITE"}]}
[debug] [2021-06-11T02:51:35.636Z] >>> [apiv2][query] GET https://firebase.googleapis.com/v1beta1/projects/academindburger/webApps/-/config [none]
[debug] [2021-06-11T02:51:35.832Z] <<< [apiv2][status] GET https://firebase.googleapis.com/v1beta1/projects/academindburger/webApps/-/config 200
[debug] [2021-06-11T02:51:35.832Z] <<< [apiv2][body] GET https://firebase.googleapis.com/v1beta1/projects/academindburger/webApps/-/config {"projectId":"academindburger","databaseURL":"https://academindburger-default-rtdb.firebaseio.com","storageBucket":"academindburger.appspot.com","apiKey":"AIzaSyCwiiR8Y8atJBrXaGqHBuYEyeU9IjELKz8","authDomain":"academindburger.firebaseapp.com","messagingSenderId":"131894986509"}
[info] i  hosting: Serving hosting files from: build {"metadata":{"emulator":{"name":"hosting"},"message":"Serving hosting files from: \u001b[1mbuild\u001b[22m"}}
[info] ✔  hosting: Local server: http://localhost:5000 {"metadata":{"emulator":{"name":"hosting"},"message":"Local server: \u001b[4m\u001b[1mhttp://localhost:5000\u001b[22m\u001b[24m"}}
